2022-01-13 16:43:22,093  [restartedMain]  [36mc.t.s.BankApplication[0;39m - Starting BankApplication using Java 15 on LAPTOP-KOPUUN2I with PID 14608 (D:\springboot\bank-application\target\classes started by veera in D:\springboot\bank-application) 
2022-01-13 16:43:22,097  [restartedMain]  [36mc.t.s.BankApplication[0;39m - No active profile set, falling back to default profiles: default 
2022-01-13 16:43:22,167  [restartedMain]  [36mo.s.b.d.e.DevToolsPropertyDefaultsPostProcessor[0;39m - Devtools property defaults active! Set 'spring.devtools.add-properties' to 'false' to disable 
2022-01-13 16:43:22,168  [restartedMain]  [36mo.s.b.d.e.DevToolsPropertyDefaultsPostProcessor[0;39m - For additional web related logging consider setting the 'logging.level.web' property to 'DEBUG' 
2022-01-13 16:43:23,008  [restartedMain]  [36mo.s.d.r.c.RepositoryConfigurationDelegate[0;39m - Bootstrapping Spring Data JPA repositories in DEFAULT mode. 
2022-01-13 16:43:23,103  [restartedMain]  [36mo.s.d.r.c.RepositoryConfigurationDelegate[0;39m - Finished Spring Data repository scanning in 80 ms. Found 3 JPA repository interfaces. 
2022-01-13 16:43:24,196  [restartedMain]  [36mo.s.b.w.e.t.TomcatWebServer[0;39m - Tomcat initialized with port(s): 8080 (http) 
2022-01-13 16:43:24,219  [restartedMain]  [36mo.a.c.c.StandardService[0;39m - Starting service [Tomcat] 
2022-01-13 16:43:24,219  [restartedMain]  [36mo.a.c.c.StandardEngine[0;39m - Starting Servlet engine: [Apache Tomcat/9.0.54] 
2022-01-13 16:43:24,390  [restartedMain]  [36mo.a.c.c.C.[.[.[/][0;39m - Initializing Spring embedded WebApplicationContext 
2022-01-13 16:43:24,390  [restartedMain]  [36mo.s.b.w.s.c.ServletWebServerApplicationContext[0;39m - Root WebApplicationContext: initialization completed in 2221 ms 
2022-01-13 16:43:24,750  [restartedMain]  [36mo.h.j.i.u.LogHelper[0;39m - HHH000204: Processing PersistenceUnitInfo [name: default] 
2022-01-13 16:43:24,857  [restartedMain]  [36mo.h.Version[0;39m - HHH000412: Hibernate ORM core version 5.4.32.Final 
2022-01-13 16:43:25,218  [restartedMain]  [36mo.h.a.c.Version[0;39m - HCANN000001: Hibernate Commons Annotations {5.1.2.Final} 
2022-01-13 16:43:25,457  [restartedMain]  [36mc.z.h.HikariDataSource[0;39m - HikariPool-1 - Starting... 
2022-01-13 16:43:25,835  [restartedMain]  [36mc.z.h.HikariDataSource[0;39m - HikariPool-1 - Start completed. 
2022-01-13 16:43:25,881  [restartedMain]  [36mo.h.d.Dialect[0;39m - HHH000400: Using dialect: org.hibernate.dialect.MySQL5Dialect 
2022-01-13 16:43:27,428  [restartedMain]  [36mo.h.e.t.j.p.i.JtaPlatformInitiator[0;39m - HHH000490: Using JtaPlatform implementation: [org.hibernate.engine.transaction.jta.platform.internal.NoJtaPlatform] 
2022-01-13 16:43:27,440  [restartedMain]  [36mo.s.o.j.LocalContainerEntityManagerFactoryBean[0;39m - Initialized JPA EntityManagerFactory for persistence unit 'default' 
2022-01-13 16:43:28,222  [restartedMain]  [36mo.s.b.a.o.j.JpaBaseConfiguration$JpaWebConfiguration[0;39m - spring.jpa.open-in-view is enabled by default. Therefore, database queries may be performed during view rendering. Explicitly configure spring.jpa.open-in-view to disable this warning 
2022-01-13 16:43:29,214  [restartedMain]  [36mo.s.b.d.a.OptionalLiveReloadServer[0;39m - LiveReload server is running on port 35729 
2022-01-13 16:43:29,533  [restartedMain]  [36mo.s.b.w.e.t.TomcatWebServer[0;39m - Tomcat started on port(s): 8080 (http) with context path '' 
2022-01-13 16:43:29,576  [restartedMain]  [36mc.t.s.BankApplication[0;39m - Started BankApplication in 8.407 seconds (JVM running for 9.838) 
2022-01-13 16:47:39,429  [http-nio-8080-exec-1]  [36mo.a.c.c.C.[.[.[/][0;39m - Initializing Spring DispatcherServlet 'dispatcherServlet' 
2022-01-13 16:47:39,430  [http-nio-8080-exec-1]  [36mo.s.w.s.DispatcherServlet[0;39m - Initializing Servlet 'dispatcherServlet' 
2022-01-13 16:47:39,432  [http-nio-8080-exec-1]  [36mo.s.w.s.DispatcherServlet[0;39m - Completed initialization in 2 ms 
2022-01-13 17:11:40,902  [HikariPool-1 housekeeper]  [36mc.z.h.p.HikariPool[0;39m - HikariPool-1 - Thread starvation or clock leap detected (housekeeper delta=19m14s830ms882µs). 
2022-01-13 17:12:26,574  [RMI TCP Connection(14)-127.0.0.1]  [36mo.s.b.a.SpringApplicationAdminMXBeanRegistrar$SpringApplicationAdmin[0;39m - Application shutdown requested. 
2022-01-13 17:12:26,596  [RMI TCP Connection(14)-127.0.0.1]  [36mo.s.o.j.LocalContainerEntityManagerFactoryBean[0;39m - Closing JPA EntityManagerFactory for persistence unit 'default' 
2022-01-13 17:12:26,599  [RMI TCP Connection(14)-127.0.0.1]  [36mc.z.h.HikariDataSource[0;39m - HikariPool-1 - Shutdown initiated... 
2022-01-13 17:12:26,605  [RMI TCP Connection(14)-127.0.0.1]  [36mc.z.h.HikariDataSource[0;39m - HikariPool-1 - Shutdown completed. 
